/home/atwau/miniconda3/envs/genomeassembly/bin/quast.py data/contigs.fasta -m 500

Version: 5.3.0

System information:
  OS: Linux-6.6.87.2-microsoft-standard-WSL2-x86_64-with-glibc2.39 (linux_64)
  Python version: 3.10.20
  CPUs number: 6

Started: 2026-03-22 12:05:37

Logging to /home/atwau/roughwork/genomeassembly/quast_results/results_2026_03_22_12_05_37/quast.log
NOTICE: Maximum number of threads is set to 1 (use --threads option to set it manually)

CWD: /home/atwau/roughwork/genomeassembly
Main parameters: 
  MODE: default, threads: 1, min contig length: 500, min alignment length: 65, min alignment IDY: 95.0, \
  ambiguity: one, min local misassembly length: 200, min extensive misassembly length: 1000

Contigs:
  Pre-processing...
  data/contigs.fasta ==> contigs

2026-03-22 12:05:39
Running Basic statistics processor...
  Contig files: 
    contigs
  Calculating N50 and L50...
    contigs, N50 = 821, L50 = 2402, auN = 1367.4, Total length = 6637107, GC % = 44.24, # N's per 100 kbp =  0.00
  Drawing Nx plot...
    saved to /home/atwau/roughwork/genomeassembly/quast_results/results_2026_03_22_12_05_37/basic_stats/Nx_plot.pdf
  Drawing cumulative plot...
    saved to /home/atwau/roughwork/genomeassembly/quast_results/results_2026_03_22_12_05_37/basic_stats/cumulative_plot.pdf
  Drawing GC content plot...
    saved to /home/atwau/roughwork/genomeassembly/quast_results/results_2026_03_22_12_05_37/basic_stats/GC_content_plot.pdf
  Drawing contigs GC content plot...
    saved to /home/atwau/roughwork/genomeassembly/quast_results/results_2026_03_22_12_05_37/basic_stats/contigs_GC_content_plot.pdf
  Drawing Coverage histogram (bin size: 1x)...
    saved to /home/atwau/roughwork/genomeassembly/quast_results/results_2026_03_22_12_05_37/basic_stats/coverage_histogram.pdf
  Drawing contigs coverage histogram (bin size: 1x)...
    saved to /home/atwau/roughwork/genomeassembly/quast_results/results_2026_03_22_12_05_37/basic_stats/contigs_coverage_histogram.pdf
Done.

NOTICE: Genes are not predicted by default. Use --gene-finding or --glimmer option to enable it.

2026-03-22 12:05:41
Creating large visual summaries...
This may take a while: press Ctrl-C to skip this step..
  1 of 2: Creating PDF with all tables and plots...
  2 of 2: Creating Icarus viewers...
Done

2026-03-22 12:05:41
RESULTS:
  Text versions of total report are saved to /home/atwau/roughwork/genomeassembly/quast_results/results_2026_03_22_12_05_37/report.txt, report.tsv, and report.tex
  Text versions of transposed total report are saved to /home/atwau/roughwork/genomeassembly/quast_results/results_2026_03_22_12_05_37/transposed_report.txt, transposed_report.tsv, and transposed_report.tex
  HTML version (interactive tables and plots) is saved to /home/atwau/roughwork/genomeassembly/quast_results/results_2026_03_22_12_05_37/report.html
  PDF version (tables and plots) is saved to /home/atwau/roughwork/genomeassembly/quast_results/results_2026_03_22_12_05_37/report.pdf
  Icarus (contig browser) is saved to /home/atwau/roughwork/genomeassembly/quast_results/results_2026_03_22_12_05_37/icarus.html
  Log is saved to /home/atwau/roughwork/genomeassembly/quast_results/results_2026_03_22_12_05_37/quast.log

Finished: 2026-03-22 12:05:41
Elapsed time: 0:00:04.148674
NOTICEs: 2; WARNINGs: 1; non-fatal ERRORs: 0

Thank you for using QUAST!
